<?xml version="1.0" encoding="UTF-8"?>
<testsuite xmlns:xsi="http://www.w3.org/2001/XMLSchema-instance" xsi:noNamespaceSchemaLocation="https://maven.apache.org/surefire/maven-surefire-plugin/xsd/surefire-test-report.xsd" name="com.password_generator.AppTest" time="0.039" tests="11" errors="0" skipped="0" failures="0">
  <properties>
    <property name="java.specification.version" value="23"/>
    <property name="sun.jnu.encoding" value="UTF-8"/>
    <property name="java.class.path" value="/Users/isaacradford/Desktop/CodingProjects/password-generators/java/password_generator/target/test-classes:/Users/isaacradford/Desktop/CodingProjects/password-generators/java/password_generator/target/classes:/Users/isaacradford/.m2/repository/junit/junit/4.11/junit-4.11.jar:/Users/isaacradford/.m2/repository/org/hamcrest/hamcrest-core/1.3/hamcrest-core-1.3.jar:"/>
    <property name="java.vm.vendor" value="Homebrew"/>
    <property name="sun.arch.data.model" value="64"/>
    <property name="java.vendor.url" value="https://github.com/Homebrew/homebrew-core/issues"/>
    <property name="os.name" value="Mac OS X"/>
    <property name="java.vm.specification.version" value="23"/>
    <property name="sun.java.launcher" value="SUN_STANDARD"/>
    <property name="user.country" value="US"/>
    <property name="sun.boot.library.path" value="/usr/local/Cellar/openjdk/23.0.2/libexec/openjdk.jdk/Contents/Home/lib"/>
    <property name="sun.java.command" value="/Users/isaacradford/Desktop/CodingProjects/password-generators/java/password_generator/target/surefire/surefirebooter1157998296036729549.jar /Users/isaacradford/Desktop/CodingProjects/password-generators/java/password_generator/target/surefire 2025-03-09T00-26-55_124-jvmRun1 surefire6550469256145331621tmp surefire_011882697330344632323tmp"/>
    <property name="http.nonProxyHosts" value="local|*.local|169.254/16|*.169.254/16"/>
    <property name="jdk.debug" value="release"/>
    <property name="surefire.test.class.path" value="/Users/isaacradford/Desktop/CodingProjects/password-generators/java/password_generator/target/test-classes:/Users/isaacradford/Desktop/CodingProjects/password-generators/java/password_generator/target/classes:/Users/isaacradford/.m2/repository/junit/junit/4.11/junit-4.11.jar:/Users/isaacradford/.m2/repository/org/hamcrest/hamcrest-core/1.3/hamcrest-core-1.3.jar:"/>
    <property name="sun.cpu.endian" value="little"/>
    <property name="user.home" value="/Users/isaacradford"/>
    <property name="user.language" value="en"/>
    <property name="java.specification.vendor" value="Oracle Corporation"/>
    <property name="java.version.date" value="2025-01-21"/>
    <property name="java.home" value="/usr/local/Cellar/openjdk/23.0.2/libexec/openjdk.jdk/Contents/Home"/>
    <property name="file.separator" value="/"/>
    <property name="basedir" value="/Users/isaacradford/Desktop/CodingProjects/password-generators/java/password_generator"/>
    <property name="java.vm.compressedOopsMode" value="Zero based"/>
    <property name="line.separator" value="&#10;"/>
    <property name="java.vm.specification.vendor" value="Oracle Corporation"/>
    <property name="java.specification.name" value="Java Platform API Specification"/>
    <property name="apple.awt.application.name" value="ForkedBooter"/>
    <property name="surefire.real.class.path" value="/Users/isaacradford/Desktop/CodingProjects/password-generators/java/password_generator/target/surefire/surefirebooter1157998296036729549.jar"/>
    <property name="sun.management.compiler" value="HotSpot 64-Bit Tiered Compilers"/>
    <property name="ftp.nonProxyHosts" value="local|*.local|169.254/16|*.169.254/16"/>
    <property name="java.runtime.version" value="23.0.2"/>
    <property name="user.name" value="isaacradford"/>
    <property name="stdout.encoding" value="UTF-8"/>
    <property name="path.separator" value=":"/>
    <property name="os.version" value="15.1.1"/>
    <property name="java.runtime.name" value="OpenJDK Runtime Environment"/>
    <property name="file.encoding" value="UTF-8"/>
    <property name="java.vm.name" value="OpenJDK 64-Bit Server VM"/>
    <property name="java.vendor.version" value="Homebrew"/>
    <property name="localRepository" value="/Users/isaacradford/.m2/repository"/>
    <property name="java.vendor.url.bug" value="https://github.com/Homebrew/homebrew-core/issues"/>
    <property name="java.io.tmpdir" value="/var/folders/tv/syfkv6sd36j8jjcqhrnh6vnc0000gn/T/"/>
    <property name="java.version" value="23.0.2"/>
    <property name="user.dir" value="/Users/isaacradford/Desktop/CodingProjects/password-generators/java/password_generator"/>
    <property name="os.arch" value="x86_64"/>
    <property name="java.vm.specification.name" value="Java Virtual Machine Specification"/>
    <property name="native.encoding" value="UTF-8"/>
    <property name="java.library.path" value="/Users/isaacradford/Library/Java/Extensions:/Library/Java/Extensions:/Network/Library/Java/Extensions:/System/Library/Java/Extensions:/usr/lib/java:."/>
    <property name="java.vm.info" value="mixed mode, sharing"/>
    <property name="stderr.encoding" value="UTF-8"/>
    <property name="java.vendor" value="Homebrew"/>
    <property name="java.vm.version" value="23.0.2"/>
    <property name="sun.io.unicode.encoding" value="UnicodeBig"/>
    <property name="socksNonProxyHosts" value="local|*.local|169.254/16|*.169.254/16"/>
    <property name="java.class.version" value="67.0"/>
  </properties>
  <testcase name="test_min_length" classname="com.password_generator.AppTest" time="0.006"/>
  <testcase name="shouldAnswerWithTrue" classname="com.password_generator.AppTest" time="0"/>
  <testcase name="test_no_consecutive_password_duplication" classname="com.password_generator.AppTest" time="0"/>
  <testcase name="test_length" classname="com.password_generator.AppTest" time="0.001"/>
  <testcase name="test_max_length" classname="com.password_generator.AppTest" time="0"/>
  <testcase name="test_has_lowercase" classname="com.password_generator.AppTest" time="0"/>
  <testcase name="test_no_consecutive_characters" classname="com.password_generator.AppTest" time="0"/>
  <testcase name="test_has_number" classname="com.password_generator.AppTest" time="0.001"/>
  <testcase name="test_has_symbol" classname="com.password_generator.AppTest" time="0"/>
  <testcase name="test_character_uniqueness" classname="com.password_generator.AppTest" time="0.001"/>
  <testcase name="test_has_capital" classname="com.password_generator.AppTest" time="0"/>
</testsuite>